HomeBlackbox/app/build/intermediates/manifest_merge_blame_file/debug/manifest-merger-blame-debug-report.txt
1<?xml version="1.0" encoding="utf-8"?>
2<manifest xmlns:android="http://schemas.android.com/apk/res/android"
3    xmlns:dist="http://schemas.android.com/apk/distribution"
4    package="com.example.homeblackbox"
5    android:versionCode="1"
6    android:versionName="1.0" >
7
8    <uses-sdk
9        android:minSdkVersion="15"
9-->src\main\AndroidManifest.xml
10        android:targetSdkVersion="28" />
10-->src\main\AndroidManifest.xml
11
12    <dist:module dist:instant="true" />
12-->src\main\AndroidManifest.xml:6:5-40
12-->src\main\AndroidManifest.xml:6:18-37
13
14    <!-- Required permission for App measurement to run. -->
15    <uses-permission android:name="android.permission.INTERNET" />
15-->[com.google.firebase:firebase-analytics:15.0.0] AndroidManifest.xml:23:5-67
15-->[com.google.firebase:firebase-analytics:15.0.0] AndroidManifest.xml:23:22-64
16    <uses-permission android:name="android.permission.ACCESS_NETWORK_STATE" />
16-->[com.google.firebase:firebase-analytics:15.0.0] AndroidManifest.xml:24:5-79
16-->[com.google.firebase:firebase-analytics:15.0.0] AndroidManifest.xml:24:22-76
17    <uses-permission android:name="android.permission.WAKE_LOCK" />
17-->[com.google.firebase:firebase-analytics:15.0.0] AndroidManifest.xml:25:5-68
17-->[com.google.firebase:firebase-analytics:15.0.0] AndroidManifest.xml:25:22-65
18    <uses-permission android:name="com.google.android.finsky.permission.BIND_GET_INSTALL_REFERRER_SERVICE" /> <!-- Required by older versions of Google Play services to create IID tokens -->
18-->[com.google.firebase:firebase-analytics:15.0.0] AndroidManifest.xml:26:5-110
18-->[com.google.firebase:firebase-analytics:15.0.0] AndroidManifest.xml:26:22-107
19    <uses-permission android:name="com.google.android.c2dm.permission.RECEIVE" />
19-->[com.google.firebase:firebase-iid:15.0.0] AndroidManifest.xml:26:5-82
19-->[com.google.firebase:firebase-iid:15.0.0] AndroidManifest.xml:26:22-79
20
21    <permission
21-->[com.google.firebase:firebase-iid:15.0.0] AndroidManifest.xml:28:5-30:47
22        android:name="com.example.homeblackbox.permission.C2D_MESSAGE"
22-->[com.google.firebase:firebase-iid:15.0.0] AndroidManifest.xml:29:9-63
23        android:protectionLevel="signature" />
23-->[com.google.firebase:firebase-iid:15.0.0] AndroidManifest.xml:30:9-44
24
25    <uses-permission android:name="com.example.homeblackbox.permission.C2D_MESSAGE" />
25-->[com.google.firebase:firebase-iid:15.0.0] AndroidManifest.xml:32:5-79
25-->[com.google.firebase:firebase-iid:15.0.0] AndroidManifest.xml:32:22-76
26
27    <application
27-->src\main\AndroidManifest.xml:8:5-25:19
28        android:allowBackup="true"
28-->src\main\AndroidManifest.xml:9:9-35
29        android:appComponentFactory="androidx.core.app.CoreComponentFactory"
29-->[androidx.core:core:1.0.1] AndroidManifest.xml:22:18-86
30        android:debuggable="true"
31        android:icon="@mipmap/ic_launcher"
31-->src\main\AndroidManifest.xml:11:9-43
32        android:label="@string/app_name"
32-->src\main\AndroidManifest.xml:12:9-41
33        android:minSdkVersion="19"
33-->src\main\AndroidManifest.xml:10:9-35
34        android:roundIcon="@mipmap/ic_launcher_round"
34-->src\main\AndroidManifest.xml:13:9-54
35        android:supportsRtl="true"
35-->src\main\AndroidManifest.xml:14:9-35
36        android:testOnly="true"
37        android:theme="@style/AppTheme" >
37-->src\main\AndroidManifest.xml:15:9-40
38        <activity android:name="com.example.homeblackbox.HomeActivity" />
38-->src\main\AndroidManifest.xml:16:9-59
38-->src\main\AndroidManifest.xml:16:19-47
39        <activity android:name="com.example.homeblackbox.LoginActivity" />
39-->src\main\AndroidManifest.xml:17:9-51
39-->src\main\AndroidManifest.xml:17:19-48
40        <activity android:name="com.example.homeblackbox.MainActivity" >
40-->src\main\AndroidManifest.xml:18:9-24:20
40-->src\main\AndroidManifest.xml:18:19-47
41            <intent-filter>
41-->src\main\AndroidManifest.xml:19:13-23:29
42                <action android:name="android.intent.action.MAIN" />
42-->src\main\AndroidManifest.xml:20:17-69
42-->src\main\AndroidManifest.xml:20:25-66
43
44                <category android:name="android.intent.category.LAUNCHER" />
44-->src\main\AndroidManifest.xml:22:17-77
44-->src\main\AndroidManifest.xml:22:27-74
45            </intent-filter>
46        </activity>
47        <activity
47-->[com.google.firebase:firebase-auth:15.0.0] AndroidManifest.xml:23:9-29:75
48            android:name="com.google.firebase.auth.internal.FederatedSignInActivity"
48-->[com.google.firebase:firebase-auth:15.0.0] AndroidManifest.xml:24:13-85
49            android:excludeFromRecents="true"
49-->[com.google.firebase:firebase-auth:15.0.0] AndroidManifest.xml:25:13-46
50            android:exported="true"
50-->[com.google.firebase:firebase-auth:15.0.0] AndroidManifest.xml:26:13-36
51            android:launchMode="singleInstance"
51-->[com.google.firebase:firebase-auth:15.0.0] AndroidManifest.xml:27:13-48
52            android:permission="com.google.firebase.auth.api.gms.permission.LAUNCH_FEDERATED_SIGN_IN"
52-->[com.google.firebase:firebase-auth:15.0.0] AndroidManifest.xml:28:13-102
53            android:theme="@android:style/Theme.Translucent.NoTitleBar" />
53-->[com.google.firebase:firebase-auth:15.0.0] AndroidManifest.xml:29:13-72
54
55        <receiver
55-->[com.google.firebase:firebase-analytics:15.0.0] AndroidManifest.xml:29:9-33:20
56            android:name="com.google.android.gms.measurement.AppMeasurementReceiver"
56-->[com.google.firebase:firebase-analytics:15.0.0] AndroidManifest.xml:30:13-85
57            android:enabled="true"
57-->[com.google.firebase:firebase-analytics:15.0.0] AndroidManifest.xml:31:13-35
58            android:exported="false" >
58-->[com.google.firebase:firebase-analytics:15.0.0] AndroidManifest.xml:32:13-37
59        </receiver>
60        <receiver
60-->[com.google.firebase:firebase-analytics:15.0.0] AndroidManifest.xml:34:9-42:20
61            android:name="com.google.android.gms.measurement.AppMeasurementInstallReferrerReceiver"
61-->[com.google.firebase:firebase-analytics:15.0.0] AndroidManifest.xml:35:13-100
62            android:enabled="true"
62-->[com.google.firebase:firebase-analytics:15.0.0] AndroidManifest.xml:36:13-35
63            android:exported="true"
63-->[com.google.firebase:firebase-analytics:15.0.0] AndroidManifest.xml:37:13-36
64            android:permission="android.permission.INSTALL_PACKAGES" >
64-->[com.google.firebase:firebase-analytics:15.0.0] AndroidManifest.xml:38:13-69
65            <intent-filter>
65-->[com.google.firebase:firebase-analytics:15.0.0] AndroidManifest.xml:39:13-41:29
66                <action android:name="com.android.vending.INSTALL_REFERRER" />
66-->[com.google.firebase:firebase-analytics:15.0.0] AndroidManifest.xml:40:17-79
66-->[com.google.firebase:firebase-analytics:15.0.0] AndroidManifest.xml:40:25-76
67            </intent-filter>
68        </receiver>
69
70        <service
70-->[com.google.firebase:firebase-analytics:15.0.0] AndroidManifest.xml:44:9-47:40
71            android:name="com.google.android.gms.measurement.AppMeasurementService"
71-->[com.google.firebase:firebase-analytics:15.0.0] AndroidManifest.xml:45:13-84
72            android:enabled="true"
72-->[com.google.firebase:firebase-analytics:15.0.0] AndroidManifest.xml:46:13-35
73            android:exported="false" />
73-->[com.google.firebase:firebase-analytics:15.0.0] AndroidManifest.xml:47:13-37
74        <service
74-->[com.google.firebase:firebase-analytics:15.0.0] AndroidManifest.xml:48:9-52:72
75            android:name="com.google.android.gms.measurement.AppMeasurementJobService"
75-->[com.google.firebase:firebase-analytics:15.0.0] AndroidManifest.xml:49:13-87
76            android:enabled="true"
76-->[com.google.firebase:firebase-analytics:15.0.0] AndroidManifest.xml:50:13-35
77            android:exported="false"
77-->[com.google.firebase:firebase-analytics:15.0.0] AndroidManifest.xml:51:13-37
78            android:permission="android.permission.BIND_JOB_SERVICE" />
78-->[com.google.firebase:firebase-analytics:15.0.0] AndroidManifest.xml:52:13-69
79
80        <receiver
80-->[com.google.firebase:firebase-iid:15.0.0] AndroidManifest.xml:35:9-44:20
81            android:name="com.google.firebase.iid.FirebaseInstanceIdReceiver"
81-->[com.google.firebase:firebase-iid:15.0.0] AndroidManifest.xml:36:13-78
82            android:exported="true"
82-->[com.google.firebase:firebase-iid:15.0.0] AndroidManifest.xml:37:13-36
83            android:permission="com.google.android.c2dm.permission.SEND" >
83-->[com.google.firebase:firebase-iid:15.0.0] AndroidManifest.xml:38:13-73
84            <intent-filter>
84-->[com.google.firebase:firebase-iid:15.0.0] AndroidManifest.xml:39:13-43:29
85                <action android:name="com.google.android.c2dm.intent.RECEIVE" />
85-->[com.google.firebase:firebase-iid:15.0.0] AndroidManifest.xml:40:17-81
85-->[com.google.firebase:firebase-iid:15.0.0] AndroidManifest.xml:40:25-78
86
87                <category android:name="com.example.homeblackbox" />
87-->[com.google.firebase:firebase-iid:15.0.0] AndroidManifest.xml:42:17-61
87-->[com.google.firebase:firebase-iid:15.0.0] AndroidManifest.xml:42:27-58
88            </intent-filter>
89        </receiver>
90        <!--
91             FirebaseInstanceIdService performs security checks at runtime,
92             no need for explicit permissions despite exported="true"
93        -->
94        <service
94-->[com.google.firebase:firebase-iid:15.0.0] AndroidManifest.xml:50:9-56:19
95            android:name="com.google.firebase.iid.FirebaseInstanceIdService"
95-->[com.google.firebase:firebase-iid:15.0.0] AndroidManifest.xml:51:13-77
96            android:exported="true" >
96-->[com.google.firebase:firebase-iid:15.0.0] AndroidManifest.xml:52:13-36
97            <intent-filter android:priority="-500" >
97-->[com.google.firebase:firebase-iid:15.0.0] AndroidManifest.xml:53:13-55:29
97-->[com.google.firebase:firebase-iid:15.0.0] AndroidManifest.xml:53:28-51
98                <action android:name="com.google.firebase.INSTANCE_ID_EVENT" />
98-->[com.google.firebase:firebase-iid:15.0.0] AndroidManifest.xml:54:17-80
98-->[com.google.firebase:firebase-iid:15.0.0] AndroidManifest.xml:54:25-77
99            </intent-filter>
100        </service>
101
102        <provider
102-->[com.google.firebase:firebase-common:15.0.1] AndroidManifest.xml:8:9-12:39
103            android:name="com.google.firebase.provider.FirebaseInitProvider"
103-->[com.google.firebase:firebase-common:15.0.1] AndroidManifest.xml:9:13-77
104            android:authorities="com.example.homeblackbox.firebaseinitprovider"
104-->[com.google.firebase:firebase-common:15.0.1] AndroidManifest.xml:10:13-72
105            android:exported="false"
105-->[com.google.firebase:firebase-common:15.0.1] AndroidManifest.xml:11:13-37
106            android:initOrder="100" />
106-->[com.google.firebase:firebase-common:15.0.1] AndroidManifest.xml:12:13-36
107
108        <activity
108-->[com.google.android.gms:play-services-base:15.0.1] AndroidManifest.xml:23:9-26:75
109            android:name="com.google.android.gms.common.api.GoogleApiActivity"
109-->[com.google.android.gms:play-services-base:15.0.1] AndroidManifest.xml:24:13-79
110            android:exported="false"
110-->[com.google.android.gms:play-services-base:15.0.1] AndroidManifest.xml:25:13-37
111            android:theme="@android:style/Theme.Translucent.NoTitleBar" />
111-->[com.google.android.gms:play-services-base:15.0.1] AndroidManifest.xml:26:13-72
112
113        <meta-data
113-->[com.google.android.gms:play-services-basement:15.0.1] AndroidManifest.xml:23:9-25:69
114            android:name="com.google.android.gms.version"
114-->[com.google.android.gms:play-services-basement:15.0.1] AndroidManifest.xml:24:13-58
115            android:value="@integer/google_play_services_version" />
115-->[com.google.android.gms:play-services-basement:15.0.1] AndroidManifest.xml:25:13-66
116    </application>
117
118</manifest>